INFO:root:Successfully fetched 20 posts for keyword: learnpython
INFO:root:Successfully fetched 20 posts for keyword: learnpython
INFO:root:Successfully fetched 20 posts for keyword: learnpython
INFO:root:Successfully fetched 20 posts for keyword: learnpython
INFO:root:Successfully fetched 20 posts for keyword: learnpython
INFO:root:Successfully fetched 20 posts for keyword: IA
INFO:root:Successfully fetched 20 posts for keyword: learnpython
INFO:root:Successfully fetched 20 posts for keyword: morocco
INFO:root:Successfully fetched 20 posts for keyword: billie
INFO:root:Successfully fetched 20 posts for keyword: house
INFO:root:Successfully fetched 40 posts for keyword: house
INFO:root:Successfully fetched 66 posts for keyword: morocco
INFO:root:Successfully fetched 66 posts for keyword: rich
INFO:root:Successfully fetched 66 posts for keyword: Tajin
INFO:root:Successfully fetched 20 posts for keyword: house
INFO:root:Successfully fetched 39 posts for keyword: house
INFO:root:Successfully fetched 39 posts for keyword: morocco
INFO:root:Successfully fetched 39 posts for keyword: house
INFO:root:Successfully fetched 39 posts for keyword: house
INFO:root:Successfully fetched 39 posts for keyword: morocco
INFO:root:Successfully fetched 39 posts for keyword: Maroc
INFO:root:Successfully fetched 20 posts for keyword: IA
INFO:root:Successfully fetched 20 posts for keyword: IA
INFO:root:Successfully fetched 20 posts for keyword: IA
INFO:root:Successfully fetched 20 posts for keyword: house
INFO:root:Successfully fetched 47 posts for keyword: house
INFO:root:Successfully fetched 82 posts for keyword: house
INFO:root:Successfully fetched 82 posts for keyword: morocco
INFO:root:Successfully fetched 20 posts for keyword: learnpython
INFO:root:Successfully fetched 20 posts for keyword: morocco
INFO:root:Successfully fetched 20 posts for keyword: house
INFO:root:Successfully fetched 20 posts for keyword: learnpython
INFO:root:Successfully fetched 20 posts for keyword: learnpython
INFO:root:Successfully fetched 20 posts for keyword: IA
INFO:root:Successfully fetched 20 posts for keyword: caftan
INFO:root:Successfully fetched 20 posts for keyword: caftan
INFO:root:Successfully fetched 100 posts for keyword: /r/Morocco
INFO:root:Successfully fetched 100 posts for keyword: Morocco
INFO:root:Successfully fetched 100 posts for keyword: Morocco
INFO:root:Successfully fetched 100 posts for keyword: Morocco
INFO:root:Successfully fetched 100 posts for keyword: Morocco
INFO:root:Successfully fetched 100 posts for keyword: Morocco
INFO:root:Successfully fetched 100 posts for keyword: IA
INFO:root:Successfully fetched 100 posts for keyword: MOROCCO
INFO:root:Successfully fetched 20 posts for keyword: Morocco
INFO:root:Successfully fetched 234 posts for keyword: caftan
INFO:root:Successfully fetched 237 posts for keyword: africa
INFO:root:Successfully fetched 237 posts for keyword: africa
INFO:root:Successfully fetched 222 posts for keyword: morocco
INFO:root:Successfully fetched 238 posts for keyword: women
INFO:root:Successfully fetched 238 posts for keyword: tech
INFO:root:Successfully fetched 238 posts for keyword: tech
INFO:root:Successfully fetched 20 posts for keyword: learnpython
INFO:root:Successfully fetched 20 posts for keyword: learnpython
INFO:root:Successfully fetched 189 posts for keyword: learnpython
INFO:root:Successfully fetched 225 posts for keyword: python
INFO:root:Successfully fetched 20 posts for keyword: learnpython
INFO:root:Successfully fetched 20 posts for keyword: learnpython
INFO:root:Successfully fetched 20 posts for keyword: learnpython
INFO:root:Successfully fetched 20 posts for keyword: learnpython
INFO:root:Successfully fetched 20 posts for keyword: learnpython
INFO:root:Successfully fetched 20 posts for keyword: learnpython
INFO:root:Successfully fetched 20 posts for keyword: learnpython
INFO:root:Successfully fetched 20 posts for keyword: learnpython
INFO:root:Successfully fetched 20 posts for keyword: learnpython
INFO:root:Successfully fetched 20 posts for keyword: learnpython
INFO:root:Successfully fetched 20 posts for keyword: learnpython
INFO:root:Successfully fetched 20 posts for keyword: learnpython
INFO:root:Successfully fetched 20 posts for keyword: learnpython
INFO:root:Successfully fetched 20 posts for keyword: learnpython
INFO:root:Successfully fetched 20 posts for keyword: learnpython
INFO:root:Successfully fetched 20 posts for keyword: learnpython
INFO:root:Successfully fetched 20 posts for keyword: learnpython
INFO:root:Successfully fetched 20 posts for keyword: learnpython
INFO:root:Successfully fetched 20 posts for keyword: learnpython
INFO:root:Successfully fetched 20 posts for keyword: learnpython
INFO:root:Successfully fetched 20 posts for keyword: learnpython
INFO:root:Successfully fetched 20 posts for keyword: learnpython
INFO:root:Successfully fetched 20 posts for keyword: learnpython
INFO:root:Successfully fetched 20 posts for keyword: learnpython
INFO:root:Successfully fetched 20 posts for keyword: learnpython
INFO:root:Successfully fetched 20 posts for keyword: learnpython
INFO:root:Successfully fetched 20 posts for keyword: learnpython
INFO:root:Successfully fetched 20 posts for keyword: learnpython
INFO:root:Successfully fetched 20 posts for keyword: learnpython
INFO:root:Successfully fetched 20 posts for keyword: learnpython
INFO:root:Successfully fetched 20 posts for keyword: learnpython
INFO:root:Successfully fetched 20 posts for keyword: learnpython
INFO:root:Successfully fetched 20 posts for keyword: learnpython
INFO:root:Successfully fetched 20 posts for keyword: learnpython
INFO:root:Successfully fetched 145 posts for keyword: learnpython
INFO:root:Successfully fetched 20 posts for keyword: learnpython
INFO:root:Successfully fetched 20 posts for keyword: learnpython
INFO:root:Successfully fetched 20 posts for keyword: learnpython
INFO:root:Successfully fetched 20 posts for keyword: learnpython
INFO:root:Successfully fetched 20 posts for keyword: learnpython
INFO:root:Successfully fetched 20 posts for keyword: learnpython
INFO:root:Successfully fetched 20 posts for keyword: learnpython
INFO:root:Successfully fetched 20 posts for keyword: learnpython
INFO:root:Successfully fetched 20 posts for keyword: learnpython
INFO:root:Successfully fetched 20 posts for keyword: learnpython
INFO:root:Successfully fetched 20 posts for keyword: learnpython
INFO:root:Successfully fetched 20 posts for keyword: learnpython
INFO:root:Successfully fetched 20 posts for keyword: learnpython
INFO:root:Successfully fetched 189 posts for keyword: learnpython
INFO:root:Successfully fetched 20 posts for keyword: learnpython
INFO:root:Successfully fetched 20 posts for keyword: learnpython
INFO:root:Successfully fetched 20 posts for keyword: learnpython
INFO:root:Successfully fetched 100 posts for keyword: learnpython
INFO:root:Successfully fetched 100 posts for keyword: learnpython
INFO:root:Successfully fetched 100 posts for keyword: learnpython
INFO:root:Successfully fetched 100 posts for keyword: learnpython
INFO:root:Successfully fetched 100 posts for keyword: learnpython
INFO:root:Successfully fetched 100 posts for keyword: learnpython
INFO:root:Successfully fetched 100 posts for keyword: learnpython
INFO:root:Successfully fetched 100 posts for keyword: python
INFO:root:Successfully fetched 100 posts for keyword: morocco
INFO:root:Successfully fetched 100 posts for keyword: Algeria
